Using pre-set license
Built from '2022.3/staging' branch; Version is '2022.3.32f1 (c8300dc0a3fa) revision 13119501'; Using compiler version '192829333'; Build Type 'Release'
OS: 'Windows 11  (10.0.22631) 64bit CoreSingleLanguage' Language: 'en' Physical Memory: 15773 MB
BatchMode: 1, IsHumanControllingUs: 0, StartBugReporterOnCrash: 0, Is64bit: 1, IsPro: 1

COMMAND LINE ARGUMENTS:
C:\Program Files\Unity\Hub\Editor\2022.3.32f1-x86_64\Editor\Unity.exe
-adb2
-batchMode
-noUpm
-name
AssetImportWorker3
-projectPath
C:/Users/Asus/Documents/GAMEPROJECTS/runner/runner/runner
-logFile
Logs/AssetImportWorker3.log
-srvPort
54450
Successfully changed project path to: C:/Users/Asus/Documents/GAMEPROJECTS/runner/runner/runner
C:/Users/Asus/Documents/GAMEPROJECTS/runner/runner/runner
[UnityMemory] Configuration Parameters - Can be set up in boot.config
    "memorysetup-bucket-allocator-granularity=16"
    "memorysetup-bucket-allocator-bucket-count=8"
    "memorysetup-bucket-allocator-block-size=33554432"
    "memorysetup-bucket-allocator-block-count=8"
    "memorysetup-main-allocator-block-size=16777216"
    "memorysetup-thread-allocator-block-size=16777216"
    "memorysetup-gfx-main-allocator-block-size=16777216"
    "memorysetup-gfx-thread-allocator-block-size=16777216"
    "memorysetup-cache-allocator-block-size=4194304"
    "memorysetup-typetree-allocator-block-size=2097152"
    "memorysetup-profiler-bucket-allocator-granularity=16"
    "memorysetup-profiler-bucket-allocator-bucket-count=8"
    "memorysetup-profiler-bucket-allocator-block-size=33554432"
    "memorysetup-profiler-bucket-allocator-block-count=8"
    "memorysetup-profiler-allocator-block-size=16777216"
    "memorysetup-profiler-editor-allocator-block-size=1048576"
    "memorysetup-temp-allocator-size-main=16777216"
    "memorysetup-job-temp-allocator-block-size=2097152"
    "memorysetup-job-temp-allocator-block-size-background=1048576"
    "memorysetup-job-temp-allocator-reduction-small-platforms=262144"
    "memorysetup-allocator-temp-initial-block-size-main=262144"
    "memorysetup-allocator-temp-initial-block-size-worker=262144"
    "memorysetup-temp-allocator-size-background-worker=32768"
    "memorysetup-temp-allocator-size-job-worker=262144"
    "memorysetup-temp-allocator-size-preload-manager=33554432"
    "memorysetup-temp-allocator-size-nav-mesh-worker=65536"
    "memorysetup-temp-allocator-size-audio-worker=65536"
    "memorysetup-temp-allocator-size-cloud-worker=32768"
    "memorysetup-temp-allocator-size-gi-baking-worker=262144"
    "memorysetup-temp-allocator-size-gfx=262144"
Player connection [11144] Host "[IP] 10.107.221.94 [Port] 0 [Flags] 2 [Guid] 3434700949 [EditorId] 3434700949 [Version] 1048832 [Id] WindowsEditor(7,LAPTOP-CEAP43CP) [Debug] 1 [PackageName] WindowsEditor [ProjectName] Editor" joined multi-casting on [225.0.0.222:54997]...

Player connection [11144] Host "[IP] 10.107.221.94 [Port] 0 [Flags] 2 [Guid] 3434700949 [EditorId] 3434700949 [Version] 1048832 [Id] WindowsEditor(7,LAPTOP-CEAP43CP) [Debug] 1 [PackageName] WindowsEditor [ProjectName] Editor" joined alternative multi-casting on [225.0.0.222:34997]...

[PhysX] Initialized MultithreadedTaskDispatcher with 12 workers.
Refreshing native plugins compatible for Editor in 32.96 ms, found 4 plugins.
Preloading 0 native plugins for Editor in 0.00 ms.
Initialize engine version: 2022.3.32f1 (c8300dc0a3fa)
[Subsystems] Discovering subsystems at path C:/Program Files/Unity/Hub/Editor/2022.3.32f1-x86_64/Editor/Data/Resources/UnitySubsystems
[Subsystems] Discovering subsystems at path C:/Users/Asus/Documents/GAMEPROJECTS/runner/runner/runner/Assets
GfxDevice: creating device client; threaded=0; jobified=0
Direct3D:
    Version:  Direct3D 11.0 [level 11.1]
    Renderer: NVIDIA GeForce RTX 3050 Ti Laptop GPU (ID=0x25a0)
    Vendor:   NVIDIA
    VRAM:     3962 MB
    Driver:   32.0.15.7242
Initialize mono
Mono path[0] = 'C:/Program Files/Unity/Hub/Editor/2022.3.32f1-x86_64/Editor/Data/Managed'
Mono path[1] = 'C:/Program Files/Unity/Hub/Editor/2022.3.32f1-x86_64/Editor/Data/MonoBleedingEdge/lib/mono/unityjit-win32'
Mono config path = 'C:/Program Files/Unity/Hub/Editor/2022.3.32f1-x86_64/Editor/Data/MonoBleedingEdge/etc'
Using monoOptions --debugger-agent=transport=dt_socket,embedding=1,server=y,suspend=n,address=127.0.0.1:56848
Begin MonoManager ReloadAssembly
Registering precompiled unity dll's ...
Register platform support module: C:/Program Files/Unity/Hub/Editor/2022.3.32f1-x86_64/Editor/Data/PlaybackEngines/WindowsStandaloneSupport/UnityEditor.WindowsStandalone.Extensions.dll
Registered in 0.020344 seconds.
- Loaded All Assemblies, in  0.773 seconds
Native extension for WindowsStandalone target not found
Mono: successfully reloaded assembly
- Finished resetting the current domain, in  0.340 seconds
Domain Reload Profiling: 1112ms
	BeginReloadAssembly (190ms)
		ExecutionOrderSort (0ms)
		DisableScriptedObjects (0ms)
		BackupInstance (0ms)
		ReleaseScriptingObjects (0ms)
		CreateAndSetChildDomain (2ms)
	RebuildCommonClasses (103ms)
	RebuildNativeTypeToScriptingClass (19ms)
	initialDomainReloadingComplete (175ms)
	LoadAllAssembliesAndSetupDomain (283ms)
		LoadAssemblies (184ms)
		RebuildTransferFunctionScriptingTraits (0ms)
		AnalyzeDomain (281ms)
			TypeCache.Refresh (279ms)
				TypeCache.ScanAssembly (264ms)
			ScanForSourceGeneratedMonoScriptInfo (0ms)
			ResolveRequiredComponents (1ms)
	FinalizeReload (342ms)
		ReleaseScriptCaches (0ms)
		RebuildScriptCaches (0ms)
		SetupLoadedEditorAssemblies (259ms)
			LogAssemblyErrors (0ms)
			InitializePlatformSupportModulesInManaged (11ms)
			SetLoadedEditorAssemblies (8ms)
			RefreshPlugins (0ms)
			BeforeProcessingInitializeOnLoad (3ms)
			ProcessInitializeOnLoadAttributes (168ms)
			ProcessInitializeOnLoadMethodAttributes (68ms)
			AfterProcessingInitializeOnLoad (0ms)
			EditorAssembliesLoaded (0ms)
		ExecutionOrderSort2 (0ms)
		AwakeInstancesAfterBackupRestoration (0ms)
========================================================================
Worker process is ready to serve import requests
Begin MonoManager ReloadAssembly
- Loaded All Assemblies, in  1.417 seconds
Refreshing native plugins compatible for Editor in 10.89 ms, found 4 plugins.
Native extension for WindowsStandalone target not found
Mono: successfully reloaded assembly
- Finished resetting the current domain, in  1.082 seconds
Domain Reload Profiling: 2486ms
	BeginReloadAssembly (233ms)
		ExecutionOrderSort (0ms)
		DisableScriptedObjects (7ms)
		BackupInstance (0ms)
		ReleaseScriptingObjects (1ms)
		CreateAndSetChildDomain (40ms)
	RebuildCommonClasses (50ms)
	RebuildNativeTypeToScriptingClass (13ms)
	initialDomainReloadingComplete (180ms)
	LoadAllAssembliesAndSetupDomain (928ms)
		LoadAssemblies (653ms)
		RebuildTransferFunctionScriptingTraits (0ms)
		AnalyzeDomain (410ms)
			TypeCache.Refresh (324ms)
				TypeCache.ScanAssembly (288ms)
			ScanForSourceGeneratedMonoScriptInfo (66ms)
			ResolveRequiredComponents (18ms)
	FinalizeReload (1083ms)
		ReleaseScriptCaches (0ms)
		RebuildScriptCaches (0ms)
		SetupLoadedEditorAssemblies (829ms)
			LogAssemblyErrors (0ms)
			InitializePlatformSupportModulesInManaged (9ms)
			SetLoadedEditorAssemblies (6ms)
			RefreshPlugins (0ms)
			BeforeProcessingInitializeOnLoad (113ms)
			ProcessInitializeOnLoadAttributes (529ms)
			ProcessInitializeOnLoadMethodAttributes (162ms)
			AfterProcessingInitializeOnLoad (9ms)
			EditorAssembliesLoaded (0ms)
		ExecutionOrderSort2 (0ms)
		AwakeInstancesAfterBackupRestoration (9ms)
Launched and connected shader compiler UnityShaderCompiler.exe after 0.06 seconds
Refreshing native plugins compatible for Editor in 12.72 ms, found 4 plugins.
Preloading 0 native plugins for Editor in 0.00 ms.
Unloading 6159 Unused Serialized files (Serialized files now loaded: 0)
Unloading 106 unused Assets / (0.8 MB). Loaded Objects now: 6612.
Memory consumption went from 231.6 MB to 230.8 MB.
Total: 8.621200 ms (FindLiveObjects: 0.976500 ms CreateObjectMapping: 0.507600 ms MarkObjects: 6.101100 ms  DeleteObjects: 1.033000 ms)

AssetImportParameters requested are different than current active one (requested -> active):
  custom:container-demuxer-ogg: 62fdf1f143b41e24485cea50d1cbac27 -> 
  custom:video-decoder-ogg-theora: a1e56fd34408186e4bbccfd4996cb3dc -> 
  custom:framework-win-MediaFoundation: 216162199b28c13a410421893ffa2e32 -> 
  custom:CustomObjectIndexerAttribute: 72b91833f83ae208fae7752999fa3104 -> 
  custom:container-demuxer-webm: 4f35f7cbe854078d1ac9338744f61a02 -> 
  custom:container-muxer-webm: aa71ff27fc2769a1b78a27578f13a17b -> 
  custom:video-decoder-webm-vp8: 9c59270c3fd7afecdb556c50c9e8de78 -> 
  custom:SearchIndexIgnoredProperties: e643bd26f0fe6173181afceb89e7c659 -> 
  custom:AudioImporter_EditorPlatform: d09bf68614088b80899f8185d706f6e7 -> 
  custom:video-encoder-webm-vp8: eb34c28f22e8b96e1ab97ce403110664 -> 
  custom:audio-decoder-ogg-vorbis: bf7c407c2cedff20999df2af8eb42d56 -> 
  custom:audio-encoder-webm-vorbis: bf7c407c2cedff20999df2af8eb42d56 -> 
========================================================================
Received Prepare
Begin MonoManager ReloadAssembly
- Loaded All Assemblies, in  1.011 seconds
Refreshing native plugins compatible for Editor in 15.74 ms, found 4 plugins.
Native extension for WindowsStandalone target not found
Mono: successfully reloaded assembly
- Finished resetting the current domain, in  1.607 seconds
Domain Reload Profiling: 2612ms
	BeginReloadAssembly (242ms)
		ExecutionOrderSort (0ms)
		DisableScriptedObjects (14ms)
		BackupInstance (0ms)
		ReleaseScriptingObjects (0ms)
		CreateAndSetChildDomain (61ms)
	RebuildCommonClasses (60ms)
	RebuildNativeTypeToScriptingClass (19ms)
	initialDomainReloadingComplete (54ms)
	LoadAllAssembliesAndSetupDomain (628ms)
		LoadAssemblies (700ms)
		RebuildTransferFunctionScriptingTraits (0ms)
		AnalyzeDomain (52ms)
			TypeCache.Refresh (14ms)
				TypeCache.ScanAssembly (0ms)
			ScanForSourceGeneratedMonoScriptInfo (0ms)
			ResolveRequiredComponents (34ms)
	FinalizeReload (1608ms)
		ReleaseScriptCaches (0ms)
		RebuildScriptCaches (0ms)
		SetupLoadedEditorAssemblies (529ms)
			LogAssemblyErrors (0ms)
			InitializePlatformSupportModulesInManaged (7ms)
			SetLoadedEditorAssemblies (3ms)
			RefreshPlugins (0ms)
			BeforeProcessingInitializeOnLoad (88ms)
			ProcessInitializeOnLoadAttributes (338ms)
			ProcessInitializeOnLoadMethodAttributes (86ms)
			AfterProcessingInitializeOnLoad (7ms)
			EditorAssembliesLoaded (0ms)
		ExecutionOrderSort2 (0ms)
		AwakeInstancesAfterBackupRestoration (15ms)
Refreshing native plugins compatible for Editor in 11.34 ms, found 4 plugins.
Preloading 0 native plugins for Editor in 0.00 ms.
Unloading 6006 Unused Serialized files (Serialized files now loaded: 0)
Unloading 64 unused Assets / (0.8 MB). Loaded Objects now: 6618.
Memory consumption went from 205.1 MB to 204.3 MB.
Total: 9.648400 ms (FindLiveObjects: 0.927300 ms CreateObjectMapping: 0.612400 ms MarkObjects: 7.335500 ms  DeleteObjects: 0.771100 ms)

Prepare: number of updated asset objects reloaded= 0
AssetImportParameters requested are different than current active one (requested -> active):
  custom:container-demuxer-ogg: 62fdf1f143b41e24485cea50d1cbac27 -> 
  custom:video-decoder-ogg-theora: a1e56fd34408186e4bbccfd4996cb3dc -> 
  custom:framework-win-MediaFoundation: 216162199b28c13a410421893ffa2e32 -> 
  custom:CustomObjectIndexerAttribute: 72b91833f83ae208fae7752999fa3104 -> 
  custom:container-demuxer-webm: 4f35f7cbe854078d1ac9338744f61a02 -> 
  custom:container-muxer-webm: aa71ff27fc2769a1b78a27578f13a17b -> 
  custom:video-decoder-webm-vp8: 9c59270c3fd7afecdb556c50c9e8de78 -> 
  custom:SearchIndexIgnoredProperties: e643bd26f0fe6173181afceb89e7c659 -> 
  custom:AudioImporter_EditorPlatform: d09bf68614088b80899f8185d706f6e7 -> 
  custom:video-encoder-webm-vp8: eb34c28f22e8b96e1ab97ce403110664 -> 
  custom:audio-decoder-ogg-vorbis: bf7c407c2cedff20999df2af8eb42d56 -> 
  custom:audio-encoder-webm-vorbis: bf7c407c2cedff20999df2af8eb42d56 -> 
========================================================================
Received Import Request.
  Time since last request: 951973.897009 seconds.
  path: Assets/Art&Prefabs/Checkpoint.prefab
  artifactKey: Guid(e4d61d68fe867484cb72a361d3643af0) Importer(815301076,1909f56bfc062723c751e8b465ee728b)
Start importing Assets/Art&Prefabs/Checkpoint.prefab using Guid(e4d61d68fe867484cb72a361d3643af0) Importer(815301076,1909f56bfc062723c751e8b465ee728b) [PhysX] Initialized MultithreadedTaskDispatcher with 12 workers.
[PhysX] Initialized MultithreadedTaskDispatcher with 12 workers.
 -> (artifact id: 'bf6c9303e0c3f7b3a0075b8158350778') in 0.418346 seconds
Number of updated asset objects reloaded before import = 0
Number of asset objects unloaded after import = 71
========================================================================
Received Import Request.
  Time since last request: 0.000036 seconds.
  path: Assets/Art&Prefabs/Structure3.prefab
  artifactKey: Guid(7c246365cb433914ba15faa799a8cac6) Importer(815301076,1909f56bfc062723c751e8b465ee728b)
Start importing Assets/Art&Prefabs/Structure3.prefab using Guid(7c246365cb433914ba15faa799a8cac6) Importer(815301076,1909f56bfc062723c751e8b465ee728b) [PhysX] Initialized MultithreadedTaskDispatcher with 12 workers.
[PhysX] Initialized MultithreadedTaskDispatcher with 12 workers.
 -> (artifact id: 'f0ab137124d45603b200734f5b8fe6fd') in 0.013275 seconds
Number of updated asset objects reloaded before import = 0
Number of asset objects unloaded after import = 70
========================================================================
Received Import Request.
  Time since last request: 0.000029 seconds.
  path: Assets/Art&Prefabs/Gear.prefab
  artifactKey: Guid(649668fb52c972f408ef498dc0be2807) Importer(815301076,1909f56bfc062723c751e8b465ee728b)
Start importing Assets/Art&Prefabs/Gear.prefab using Guid(649668fb52c972f408ef498dc0be2807) Importer(815301076,1909f56bfc062723c751e8b465ee728b) [PhysX] Initialized MultithreadedTaskDispatcher with 12 workers.
[PhysX] Initialized MultithreadedTaskDispatcher with 12 workers.
 -> (artifact id: 'eeb70035a50b652cb8884aa2b5f9f3bb') in 0.009763 seconds
Number of updated asset objects reloaded before import = 0
Number of asset objects unloaded after import = 14
========================================================================
Received Import Request.
  Time since last request: 48.385506 seconds.
  path: Assets/Art&Prefabs/Gear.prefab
  artifactKey: Guid(649668fb52c972f408ef498dc0be2807) Importer(815301076,1909f56bfc062723c751e8b465ee728b)
Start importing Assets/Art&Prefabs/Gear.prefab using Guid(649668fb52c972f408ef498dc0be2807) Importer(815301076,1909f56bfc062723c751e8b465ee728b) [PhysX] Initialized MultithreadedTaskDispatcher with 12 workers.
[PhysX] Initialized MultithreadedTaskDispatcher with 12 workers.
 -> (artifact id: 'ed167f68cdb1091f6b38dd49ce621d2c') in 0.012822 seconds
Number of updated asset objects reloaded before import = 0
Number of asset objects unloaded after import = 14
========================================================================
Received Import Request.
  Time since last request: 0.000028 seconds.
  path: Assets/Art&Prefabs/Structure4.prefab
  artifactKey: Guid(e8e35b103e2686d44bb2444ecdaa9482) Importer(815301076,1909f56bfc062723c751e8b465ee728b)
Start importing Assets/Art&Prefabs/Structure4.prefab using Guid(e8e35b103e2686d44bb2444ecdaa9482) Importer(815301076,1909f56bfc062723c751e8b465ee728b) [PhysX] Initialized MultithreadedTaskDispatcher with 12 workers.
[PhysX] Initialized MultithreadedTaskDispatcher with 12 workers.
 -> (artifact id: '161404faf742216bf5cf626fa9f1c09c') in 0.017202 seconds
Number of updated asset objects reloaded before import = 0
Number of asset objects unloaded after import = 43
========================================================================
Received Import Request.
  Time since last request: 0.000069 seconds.
  path: Assets/Art&Prefabs/Pillar.prefab
  artifactKey: Guid(54d10110d956a814ca6fc4c4f12b5974) Importer(815301076,1909f56bfc062723c751e8b465ee728b)
Start importing Assets/Art&Prefabs/Pillar.prefab using Guid(54d10110d956a814ca6fc4c4f12b5974) Importer(815301076,1909f56bfc062723c751e8b465ee728b) [PhysX] Initialized MultithreadedTaskDispatcher with 12 workers.
[PhysX] Initialized MultithreadedTaskDispatcher with 12 workers.
 -> (artifact id: 'a32fd0127d3645f41966d6041ffbceab') in 0.013359 seconds
Number of updated asset objects reloaded before import = 0
Number of asset objects unloaded after import = 13
========================================================================
Received Import Request.
  Time since last request: 0.000024 seconds.
  path: Assets/Art&Prefabs/Structure2.prefab
  artifactKey: Guid(ee8b8dce4022fe14c94e4739bce7a3e2) Importer(815301076,1909f56bfc062723c751e8b465ee728b)
Start importing Assets/Art&Prefabs/Structure2.prefab using Guid(ee8b8dce4022fe14c94e4739bce7a3e2) Importer(815301076,1909f56bfc062723c751e8b465ee728b) [PhysX] Initialized MultithreadedTaskDispatcher with 12 workers.
[PhysX] Initialized MultithreadedTaskDispatcher with 12 workers.
 -> (artifact id: '0241c409f68c55f60c042843198b3c57') in 0.015335 seconds
Number of updated asset objects reloaded before import = 0
Number of asset objects unloaded after import = 59
========================================================================
Received Import Request.
  Time since last request: 14.301143 seconds.
  path: Assets/Art&Prefabs/Gear.prefab
  artifactKey: Guid(649668fb52c972f408ef498dc0be2807) Importer(815301076,1909f56bfc062723c751e8b465ee728b)
Start importing Assets/Art&Prefabs/Gear.prefab using Guid(649668fb52c972f408ef498dc0be2807) Importer(815301076,1909f56bfc062723c751e8b465ee728b) [PhysX] Initialized MultithreadedTaskDispatcher with 12 workers.
[PhysX] Initialized MultithreadedTaskDispatcher with 12 workers.
 -> (artifact id: '747aa3997520e7d8913781aa85fc1d2c') in 0.012929 seconds
Number of updated asset objects reloaded before import = 0
Number of asset objects unloaded after import = 14
========================================================================
Received Import Request.
  Time since last request: 0.000041 seconds.
  path: Assets/Art&Prefabs/Structure1.prefab
  artifactKey: Guid(5433ec6dc7b55944899980528c1c0f66) Importer(815301076,1909f56bfc062723c751e8b465ee728b)
Start importing Assets/Art&Prefabs/Structure1.prefab using Guid(5433ec6dc7b55944899980528c1c0f66) Importer(815301076,1909f56bfc062723c751e8b465ee728b) [PhysX] Initialized MultithreadedTaskDispatcher with 12 workers.
[PhysX] Initialized MultithreadedTaskDispatcher with 12 workers.
 -> (artifact id: '64ce5880ce378b3cd6fe724315a0e0cf') in 0.014178 seconds
Number of updated asset objects reloaded before import = 0
Number of asset objects unloaded after import = 53
========================================================================
Received Import Request.
  Time since last request: 0.000031 seconds.
  path: Assets/Art&Prefabs/Structure2.prefab
  artifactKey: Guid(ee8b8dce4022fe14c94e4739bce7a3e2) Importer(815301076,1909f56bfc062723c751e8b465ee728b)
Start importing Assets/Art&Prefabs/Structure2.prefab using Guid(ee8b8dce4022fe14c94e4739bce7a3e2) Importer(815301076,1909f56bfc062723c751e8b465ee728b) [PhysX] Initialized MultithreadedTaskDispatcher with 12 workers.
[PhysX] Initialized MultithreadedTaskDispatcher with 12 workers.
 -> (artifact id: 'da759de553543b9f0e967ac02779ae01') in 0.013505 seconds
Number of updated asset objects reloaded before import = 0
Number of asset objects unloaded after import = 59
========================================================================
Received Import Request.
  Time since last request: 134.624758 seconds.
  path: Assets/Art&Prefabs/Checkpoint.prefab
  artifactKey: Guid(e4d61d68fe867484cb72a361d3643af0) Importer(815301076,1909f56bfc062723c751e8b465ee728b)
Start importing Assets/Art&Prefabs/Checkpoint.prefab using Guid(e4d61d68fe867484cb72a361d3643af0) Importer(815301076,1909f56bfc062723c751e8b465ee728b) [PhysX] Initialized MultithreadedTaskDispatcher with 12 workers.
[PhysX] Initialized MultithreadedTaskDispatcher with 12 workers.
 -> (artifact id: '97b4cbcc9a18a022c0dec4bd9675c8f9') in 0.013534 seconds
Number of updated asset objects reloaded before import = 0
Number of asset objects unloaded after import = 54
========================================================================
Received Import Request.
  Time since last request: 0.000023 seconds.
  path: Assets/Art&Prefabs/Structure1.prefab
  artifactKey: Guid(5433ec6dc7b55944899980528c1c0f66) Importer(815301076,1909f56bfc062723c751e8b465ee728b)
Start importing Assets/Art&Prefabs/Structure1.prefab using Guid(5433ec6dc7b55944899980528c1c0f66) Importer(815301076,1909f56bfc062723c751e8b465ee728b) [PhysX] Initialized MultithreadedTaskDispatcher with 12 workers.
[PhysX] Initialized MultithreadedTaskDispatcher with 12 workers.
 -> (artifact id: '7c7df102900633def92c4982c9a1a02a') in 0.015242 seconds
Number of updated asset objects reloaded before import = 0
Number of asset objects unloaded after import = 53
========================================================================
Received Import Request.
  Time since last request: 0.000029 seconds.
  path: Assets/Art&Prefabs/Structure3.prefab
  artifactKey: Guid(7c246365cb433914ba15faa799a8cac6) Importer(815301076,1909f56bfc062723c751e8b465ee728b)
Start importing Assets/Art&Prefabs/Structure3.prefab using Guid(7c246365cb433914ba15faa799a8cac6) Importer(815301076,1909f56bfc062723c751e8b465ee728b) [PhysX] Initialized MultithreadedTaskDispatcher with 12 workers.
[PhysX] Initialized MultithreadedTaskDispatcher with 12 workers.
 -> (artifact id: 'c8071fccbd62ae33c63d55d414667f6d') in 0.013343 seconds
Number of updated asset objects reloaded before import = 0
Number of asset objects unloaded after import = 70
========================================================================
Received Import Request.
  Time since last request: 0.000031 seconds.
  path: Assets/Art&Prefabs/Gear.prefab
  artifactKey: Guid(649668fb52c972f408ef498dc0be2807) Importer(815301076,1909f56bfc062723c751e8b465ee728b)
Start importing Assets/Art&Prefabs/Gear.prefab using Guid(649668fb52c972f408ef498dc0be2807) Importer(815301076,1909f56bfc062723c751e8b465ee728b) [PhysX] Initialized MultithreadedTaskDispatcher with 12 workers.
[PhysX] Initialized MultithreadedTaskDispatcher with 12 workers.
 -> (artifact id: '9a090080e19c44ee9ed638437da5f4de') in 0.010461 seconds
Number of updated asset objects reloaded before import = 0
Number of asset objects unloaded after import = 14
========================================================================
Received Import Request.
  Time since last request: 0.000023 seconds.
  path: Assets/Art&Prefabs/Spike.prefab
  artifactKey: Guid(5cf7ae019b94f2b4682ae5c7894c35f5) Importer(815301076,1909f56bfc062723c751e8b465ee728b)
Start importing Assets/Art&Prefabs/Spike.prefab using Guid(5cf7ae019b94f2b4682ae5c7894c35f5) Importer(815301076,1909f56bfc062723c751e8b465ee728b) [PhysX] Initialized MultithreadedTaskDispatcher with 12 workers.
[PhysX] Initialized MultithreadedTaskDispatcher with 12 workers.
 -> (artifact id: 'cc87ddf8262cdcc92c3beae7b6b7f5f1') in 0.009554 seconds
Number of updated asset objects reloaded before import = 0
Number of asset objects unloaded after import = 13
========================================================================
Received Import Request.
  Time since last request: 2253.843329 seconds.
  path: Assets/Art&Prefabs/Box.prefab
  artifactKey: Guid(6ef081dcfd45b72409231c31b1a69825) Importer(815301076,1909f56bfc062723c751e8b465ee728b)
Start importing Assets/Art&Prefabs/Box.prefab using Guid(6ef081dcfd45b72409231c31b1a69825) Importer(815301076,1909f56bfc062723c751e8b465ee728b) [PhysX] Initialized MultithreadedTaskDispatcher with 12 workers.
[PhysX] Initialized MultithreadedTaskDispatcher with 12 workers.
 -> (artifact id: 'f34e55dcf67524e04ff021e3ac899b82') in 0.052047 seconds
Number of updated asset objects reloaded before import = 0
Number of asset objects unloaded after import = 16
========================================================================
Received Import Request.
  Time since last request: 0.000042 seconds.
  path: Assets/Art&Prefabs/Structure4.prefab
  artifactKey: Guid(e8e35b103e2686d44bb2444ecdaa9482) Importer(815301076,1909f56bfc062723c751e8b465ee728b)
Start importing Assets/Art&Prefabs/Structure4.prefab using Guid(e8e35b103e2686d44bb2444ecdaa9482) Importer(815301076,1909f56bfc062723c751e8b465ee728b) [PhysX] Initialized MultithreadedTaskDispatcher with 12 workers.
[PhysX] Initialized MultithreadedTaskDispatcher with 12 workers.
 -> (artifact id: 'cfe0369f1719bed46dcc62eb4d6033f2') in 0.022965 seconds
Number of updated asset objects reloaded before import = 0
Number of asset objects unloaded after import = 43
========================================================================
Received Import Request.
  Time since last request: 0.000029 seconds.
  path: Assets/Art&Prefabs/Structure1.prefab
  artifactKey: Guid(5433ec6dc7b55944899980528c1c0f66) Importer(815301076,1909f56bfc062723c751e8b465ee728b)
Start importing Assets/Art&Prefabs/Structure1.prefab using Guid(5433ec6dc7b55944899980528c1c0f66) Importer(815301076,1909f56bfc062723c751e8b465ee728b) [PhysX] Initialized MultithreadedTaskDispatcher with 12 workers.
[PhysX] Initialized MultithreadedTaskDispatcher with 12 workers.
 -> (artifact id: 'b40c571caae83b4cc9e3a508aff16222') in 0.020765 seconds
Number of updated asset objects reloaded before import = 0
Number of asset objects unloaded after import = 53
========================================================================
Received Import Request.
  Time since last request: 0.000025 seconds.
  path: Assets/Art&Prefabs/Pillar.prefab
  artifactKey: Guid(54d10110d956a814ca6fc4c4f12b5974) Importer(815301076,1909f56bfc062723c751e8b465ee728b)
Start importing Assets/Art&Prefabs/Pillar.prefab using Guid(54d10110d956a814ca6fc4c4f12b5974) Importer(815301076,1909f56bfc062723c751e8b465ee728b) [PhysX] Initialized MultithreadedTaskDispatcher with 12 workers.
[PhysX] Initialized MultithreadedTaskDispatcher with 12 workers.
 -> (artifact id: '768625eb6cb652f562ba41af4e8c53dc') in 0.012311 seconds
Number of updated asset objects reloaded before import = 0
Number of asset objects unloaded after import = 13
========================================================================
Received Import Request.
  Time since last request: 0.000028 seconds.
  path: Assets/Art&Prefabs/Structure3.prefab
  artifactKey: Guid(7c246365cb433914ba15faa799a8cac6) Importer(815301076,1909f56bfc062723c751e8b465ee728b)
Start importing Assets/Art&Prefabs/Structure3.prefab using Guid(7c246365cb433914ba15faa799a8cac6) Importer(815301076,1909f56bfc062723c751e8b465ee728b) [PhysX] Initialized MultithreadedTaskDispatcher with 12 workers.
[PhysX] Initialized MultithreadedTaskDispatcher with 12 workers.
 -> (artifact id: '91c6f885a567873512a70e127f4b2aed') in 0.028505 seconds
Number of updated asset objects reloaded before import = 0
Number of asset objects unloaded after import = 70
========================================================================
Received Import Request.
  Time since last request: 0.000053 seconds.
  path: Assets/Art&Prefabs/Structure2.prefab
  artifactKey: Guid(ee8b8dce4022fe14c94e4739bce7a3e2) Importer(815301076,1909f56bfc062723c751e8b465ee728b)
Start importing Assets/Art&Prefabs/Structure2.prefab using Guid(ee8b8dce4022fe14c94e4739bce7a3e2) Importer(815301076,1909f56bfc062723c751e8b465ee728b) [PhysX] Initialized MultithreadedTaskDispatcher with 12 workers.
[PhysX] Initialized MultithreadedTaskDispatcher with 12 workers.
 -> (artifact id: '29af1b8070e3d4b8178a91d3d88e00cb') in 0.018793 seconds
Number of updated asset objects reloaded before import = 0
Number of asset objects unloaded after import = 59
========================================================================
Received Import Request.
  Time since last request: 0.000033 seconds.
  path: Assets/Art&Prefabs/Gear.prefab
  artifactKey: Guid(649668fb52c972f408ef498dc0be2807) Importer(815301076,1909f56bfc062723c751e8b465ee728b)
Start importing Assets/Art&Prefabs/Gear.prefab using Guid(649668fb52c972f408ef498dc0be2807) Importer(815301076,1909f56bfc062723c751e8b465ee728b) [PhysX] Initialized MultithreadedTaskDispatcher with 12 workers.
[PhysX] Initialized MultithreadedTaskDispatcher with 12 workers.
 -> (artifact id: 'c3b4db959d3387cfedc7f6c88ecc1ff2') in 0.012008 seconds
Number of updated asset objects reloaded before import = 0
Number of asset objects unloaded after import = 14
========================================================================
Received Import Request.
  Time since last request: 0.000032 seconds.
  path: Assets/Art&Prefabs/Spike.prefab
  artifactKey: Guid(5cf7ae019b94f2b4682ae5c7894c35f5) Importer(815301076,1909f56bfc062723c751e8b465ee728b)
Start importing Assets/Art&Prefabs/Spike.prefab using Guid(5cf7ae019b94f2b4682ae5c7894c35f5) Importer(815301076,1909f56bfc062723c751e8b465ee728b) [PhysX] Initialized MultithreadedTaskDispatcher with 12 workers.
[PhysX] Initialized MultithreadedTaskDispatcher with 12 workers.
 -> (artifact id: '509e161c2d398ae8d58893482dedb3d5') in 0.012008 seconds
Number of updated asset objects reloaded before import = 0
Number of asset objects unloaded after import = 13
Editor requested this worker to shutdown with reason: Scaling down because of idle timeout
TcpMessagingSession - receive error: operation aborted. errorcode: 995, details: The I/O operation has been aborted because of either a thread exit or an application request.
AssetImportWorker is now disconnected from the server
Process exiting
Exiting without the bug reporter. Application will terminate with return code 0